Temp/gradleOut/unityLibrary/build/intermediates/manifest_merge_blame_file/release/manifest-merger-blame-release-report.txt
1<?xml version="1.0" encoding="utf-8"?>
2<!-- GENERATED BY UNITY. REMOVE THIS COMMENT TO PREVENT OVERWRITING WHEN EXPORTING AGAIN -->
3<manifest xmlns:android="http://schemas.android.com/apk/res/android"
4    xmlns:tools="http://schemas.android.com/tools"
5    package="com.unity3d.player"
6    android:versionCode="1"
7    android:versionName="0.1" >
8
9    <uses-sdk
10        android:minSdkVersion="19"
10-->src\main\AndroidManifest.xml
11        android:targetSdkVersion="30" />
11-->src\main\AndroidManifest.xml
12
13    <uses-feature android:glEsVersion="0x00030000" />
13-->src\main\AndroidManifest.xml:19:3-52
13-->src\main\AndroidManifest.xml:19:17-49
14    <uses-feature
14-->src\main\AndroidManifest.xml:20:3-91
15        android:name="android.hardware.vulkan.version"
15-->src\main\AndroidManifest.xml:20:17-63
16        android:required="false" />
16-->src\main\AndroidManifest.xml:20:64-88
17
18    <supports-gl-texture android:name="GL_OES_compressed_ETC1_RGB8_texture" />
18-->src\main\AndroidManifest.xml:21:3-77
18-->src\main\AndroidManifest.xml:21:24-74
19
20    <uses-permission android:name="android.permission.INTERNET" />
20-->src\main\AndroidManifest.xml:22:3-65
20-->src\main\AndroidManifest.xml:22:20-62
21
22    <uses-feature
22-->src\main\AndroidManifest.xml:23:3-88
23        android:name="android.hardware.touchscreen"
23-->src\main\AndroidManifest.xml:23:17-60
24        android:required="false" />
24-->src\main\AndroidManifest.xml:23:61-85
25    <uses-feature
25-->src\main\AndroidManifest.xml:24:3-99
26        android:name="android.hardware.touchscreen.multitouch"
26-->src\main\AndroidManifest.xml:24:17-71
27        android:required="false" />
27-->src\main\AndroidManifest.xml:24:72-96
28    <uses-feature
28-->src\main\AndroidManifest.xml:25:3-108
29        android:name="android.hardware.touchscreen.multitouch.distinct"
29-->src\main\AndroidManifest.xml:25:17-80
30        android:required="false" />
30-->src\main\AndroidManifest.xml:25:81-105
31
32    <application>
32-->src\main\AndroidManifest.xml:4:3-18:17
33        <activity
33-->src\main\AndroidManifest.xml:5:5-12:16
34            android:name="com.unity3d.player.UnityPlayerActivity"
34-->src\main\AndroidManifest.xml:5:15-68
35            android:configChanges="mcc|mnc|locale|touchscreen|keyboard|keyboardHidden|navigation|orientation|screenLayout|uiMode|screenSize|smallestScreenSize|fontScale|layoutDirection|density"
35-->src\main\AndroidManifest.xml:5:182-363
36            android:hardwareAccelerated="false"
36-->src\main\AndroidManifest.xml:5:399-434
37            android:launchMode="singleTask"
37-->src\main\AndroidManifest.xml:5:150-181
38            android:resizeableActivity="false"
38-->src\main\AndroidManifest.xml:5:364-398
39            android:screenOrientation="fullSensor"
39-->src\main\AndroidManifest.xml:5:111-149
40            android:theme="@style/UnityThemeSelector" >
40-->src\main\AndroidManifest.xml:5:69-110
41            <intent-filter>
41-->src\main\AndroidManifest.xml:6:7-9:23
42                <action android:name="android.intent.action.MAIN" />
42-->src\main\AndroidManifest.xml:7:9-61
42-->src\main\AndroidManifest.xml:7:17-58
43
44                <category android:name="android.intent.category.LAUNCHER" />
44-->src\main\AndroidManifest.xml:8:9-69
44-->src\main\AndroidManifest.xml:8:19-66
45            </intent-filter>
46
47            <meta-data
47-->src\main\AndroidManifest.xml:10:7-82
48                android:name="unityplayer.UnityActivity"
48-->src\main\AndroidManifest.xml:10:18-58
49                android:value="true" />
49-->src\main\AndroidManifest.xml:10:59-79
50            <meta-data
50-->src\main\AndroidManifest.xml:11:7-78
51                android:name="android.notch_support"
51-->src\main\AndroidManifest.xml:11:18-54
52                android:value="true" />
52-->src\main\AndroidManifest.xml:11:55-75
53        </activity>
54
55        <meta-data
55-->src\main\AndroidManifest.xml:13:5-69
56            android:name="unity.splash-mode"
56-->src\main\AndroidManifest.xml:13:16-48
57            android:value="0" />
57-->src\main\AndroidManifest.xml:13:49-66
58        <meta-data
58-->src\main\AndroidManifest.xml:14:5-74
59            android:name="unity.splash-enable"
59-->src\main\AndroidManifest.xml:14:16-50
60            android:value="True" />
60-->src\main\AndroidManifest.xml:14:51-71
61        <meta-data
61-->src\main\AndroidManifest.xml:15:5-84
62            android:name="unity.allow-resizable-window"
62-->src\main\AndroidManifest.xml:15:16-59
63            android:value="False" />
63-->src\main\AndroidManifest.xml:15:60-81
64        <meta-data
64-->src\main\AndroidManifest.xml:16:5-81
65            android:name="notch.config"
65-->src\main\AndroidManifest.xml:16:16-43
66            android:value="portrait|landscape" />
66-->src\main\AndroidManifest.xml:16:44-78
67        <meta-data
67-->src\main\AndroidManifest.xml:17:5-101
68            android:name="unity.build-id"
68-->src\main\AndroidManifest.xml:17:16-45
69            android:value="71cb0f70-211f-435c-885d-a322774f1868" />
69-->src\main\AndroidManifest.xml:17:46-98
70    </application>
71
72</manifest>